<?xml version="1.0" encoding="UTF-8"?>
<!-- Generated by org.testng.reporters.JUnitReportReporter -->
<testsuite hostname="DESKTOP-RE3DM9I" failures="0" tests="6" name="testcases.NewAccountTest" time="377.724" errors="0" timestamp="2020-10-14T12:34:08 IST" skipped="3">
  <testcase classname="testcases.NewAccountTest" name="CreateNewAccountConnectrix" time="143.906"/>
  <system-out/>
  <testcase classname="testcases.NewAccountTest" name="Create_New_WON_Opp" time="175.439"/>
  <system-out/>
  <testcase classname="testcases.NewAccountTest" name="OrderJourney" time="58.379"/>
  <system-out/>
  <testcase classname="testcases.NewAccountTest" name="Create_OPEN_Opp">
    <skipped/>
  </testcase> <!-- Create_OPEN_Opp -->
  <system-out/>
  <testcase classname="testcases.NewAccountTest" name="CreateNewLostOppo">
    <skipped/>
  </testcase> <!-- CreateNewLostOppo -->
  <system-out/>
  <testcase classname="testcases.NewAccountTest" name="CreateOrderFROMWonOppnt">
    <skipped/>
  </testcase> <!-- CreateOrderFROMWonOppnt -->
  <system-out/>
</testsuite> <!-- testcases.NewAccountTest -->
