<?xml version="1.0" encoding="UTF-8"?>
<!-- Generated by org.testng.reporters.JUnitReportReporter -->
<testsuite hostname="DESKTOP-RE3DM9I" failures="0" tests="1" name="testcases.DashBoardTab" time="63.447" errors="0" timestamp="2020-10-19T10:25:04 IST" skipped="0">
  <testcase classname="testcases.DashBoardTab" name="Verify" time="63.447"/>
  <system-out/>
</testsuite> <!-- testcases.DashBoardTab -->
